../data/TG_WAV/IBA_32/IBA_32_Tori-By-Samuel_MG.TextGrid
../data/TG_WAV/WAZA_10/WAZA_10_Bluetooth-Lifestory_MG.TextGrid
../data/TG_WAV/IBA_04/IBA_04_Alaska-Pepe_MG.TextGrid
../data/TG_WAV/IBA_03/IBA_03_Womanisers_MG.TextGrid
../data/TG_WAV/PRT_07/PRT_07_Drummer_MG.TextGrid
../data/TG_WAV/LAG_21/LAG_21_I-Like-Stout_MG.TextGrid
../data/TG_WAV/KAD_13/KAD_13_Entering-University_MG.TextGrid
../data/TG_WAV/IBA_02/IBA_02_Igwe-Festival_MG.TextGrid
../data/TG_WAV/IBA_33/IBA_33_News-Comments_MG.TextGrid
../data/TG_WAV/IBA_34/IBA_34_News-Report-By-Samuel_MG.TextGrid
../data/TG_WAV/LAG_11/LAG_11_Adeniyi-Lifestory_MG.TextGrid
../data/TG_WAV/ABJ_INF_12/ABJ_INF_12_Evictions_MG.TextGrid
../data/TG_WAV/KAD_12/KAD_12_Mechanic-At-Work_MG.TextGrid
../data/TG_WAV/KAD_15/KAD_15_Money-Wahala_MG.TextGrid
../data/TG_WAV/LAG_27/LAG_27_Shawarma_MG.TextGrid
../data/TG_WAV/BEN_34/BEN_34_Tale_MG.TextGrid
../data/TG_WAV/BEN_02/BEN_02_Andrew-Lifestory_MG.TextGrid
../data/TG_WAV/JOS_20/JOS_20_Beauty-Of-Jos_MG.TextGrid
../data/TG_WAV/WAZL_15/WAZL_15_MC-Abi_MG.TextGrid
../data/TG_WAV/ABJ_GWA_03/ABJ_GWA_03_Cost-Of-Living-In-Abuja_MG.TextGrid
../data/TG_WAV/JOS_19/JOS_19_Bukuru_MG.TextGrid
../data/TG_WAV/ABJ_GWA_10/ABJ_GWA_10_Steven-Lifestory_MG.TextGrid
../data/TG_WAV/IBA_32/IBA_32_Tori-By-Samuel_MG.TextGrid
../data/TG_WAV/WAZA_10/WAZA_10_Bluetooth-Lifestory_MG.TextGrid
../data/TG_WAV/IBA_04/IBA_04_Alaska-Pepe_MG.TextGrid
../data/TG_WAV/IBA_32/IBA_32_Tori-By-Samuel_MG.TextGrid
../data/TG_WAV/WAZA_10/WAZA_10_Bluetooth-Lifestory_MG.TextGrid
../data/TG_WAV/IBA_32/IBA_32_Tori-By-Samuel_MG.TextGrid
../data/TG_WAV/IBA_32/IBA_32_Tori-By-Samuel_MG.TextGrid
../data/TG_WAV/IBA_32/IBA_32_Tori-By-Samuel_MG.TextGrid
../data/TG_WAV/WAZA_10/WAZA_10_Bluetooth-Lifestory_MG.TextGrid
../data/TG_WAV/IBA_32/IBA_32_Tori-By-Samuel_MG.TextGrid
../data/TG_WAV/WAZA_10/WAZA_10_Bluetooth-Lifestory_MG.TextGrid
../data/TG_WAV/IBA_04/IBA_04_Alaska-Pepe_MG.TextGrid
../data/TG_WAV/IBA_03/IBA_03_Womanisers_MG.TextGrid
../data/TG_WAV/PRT_07/PRT_07_Drummer_MG.TextGrid
../data/TG_WAV/LAG_21/LAG_21_I-Like-Stout_MG.TextGrid
../data/TG_WAV/KAD_13/KAD_13_Entering-University_MG.TextGrid
../data/TG_WAV/IBA_02/IBA_02_Igwe-Festival_MG.TextGrid
../data/TG_WAV/IBA_33/IBA_33_News-Comments_MG.TextGrid
../data/TG_WAV/IBA_34/IBA_34_News-Report-By-Samuel_MG.TextGrid
../data/TG_WAV/LAG_11/LAG_11_Adeniyi-Lifestory_MG.TextGrid
../data/TG_WAV/ABJ_INF_12/ABJ_INF_12_Evictions_MG.TextGrid
../data/TG_WAV/KAD_12/KAD_12_Mechanic-At-Work_MG.TextGrid
../data/TG_WAV/KAD_15/KAD_15_Money-Wahala_MG.TextGrid
../data/TG_WAV/LAG_27/LAG_27_Shawarma_MG.TextGrid
../data/TG_WAV/BEN_34/BEN_34_Tale_MG.TextGrid
../data/TG_WAV/BEN_02/BEN_02_Andrew-Lifestory_MG.TextGrid
../data/TG_WAV/JOS_20/JOS_20_Beauty-Of-Jos_MG.TextGrid
../data/TG_WAV/IBA_32/IBA_32_Tori-By-Samuel_MG.TextGrid
../data/TG_WAV/WAZA_10/WAZA_10_Bluetooth-Lifestory_MG.TextGrid
../data/TG_WAV/IBA_04/IBA_04_Alaska-Pepe_MG.TextGrid
../data/TG_WAV/IBA_03/IBA_03_Womanisers_MG.TextGrid
../data/TG_WAV/IBA_32/IBA_32_Tori-By-Samuel_MG.TextGrid
../data/TG_WAV/WAZA_10/WAZA_10_Bluetooth-Lifestory_MG.TextGrid
../data/TG_WAV/IBA_04/IBA_04_Alaska-Pepe_MG.TextGrid
../data/TG_WAV/IBA_03/IBA_03_Womanisers_MG.TextGrid
../data/TG_WAV/IBA_32/IBA_32_Tori-By-Samuel_MG.TextGrid
../data/TG_WAV/WAZA_10/WAZA_10_Bluetooth-Lifestory_MG.TextGrid
../data/TG_WAV/IBA_04/IBA_04_Alaska-Pepe_MG.TextGrid
../data/TG_WAV/IBA_03/IBA_03_Womanisers_MG.TextGrid
../data/TG_WAV/IBA_32/IBA_32_Tori-By-Samuel_MG.TextGrid
../data/TG_WAV/WAZA_10/WAZA_10_Bluetooth-Lifestory_MG.TextGrid
../data/TG_WAV/IBA_04/IBA_04_Alaska-Pepe_MG.TextGrid
../data/TG_WAV/IBA_03/IBA_03_Womanisers_MG.TextGrid
../data/TG_WAV/IBA_32/IBA_32_Tori-By-Samuel_MG.TextGrid
../data/TG_WAV/WAZA_10/WAZA_10_Bluetooth-Lifestory_MG.TextGrid
../data/TG_WAV/IBA_04/IBA_04_Alaska-Pepe_MG.TextGrid
../data/TG_WAV/IBA_03/IBA_03_Womanisers_MG.TextGrid
